[    63.817] (--) Log file renamed from "/home/artem/.local/share/xorg/Xorg.pid-1529.log" to "/home/artem/.local/share/xorg/Xorg.0.log"
[    63.819] 
X.Org X Server 1.20.9
X Protocol Version 11, Revision 0
[    63.820] Build Operating System: Linux 4.15.0-130-generic x86_64 Ubuntu
[    63.820] Current Operating System: Linux artem-VirtualBox 5.8.0-48-generic #54~20.04.1-Ubuntu SMP Sat Mar 20 13:40:25 UTC 2021 x86_64
[    63.820] Kernel command line: BOOT_IMAGE=/boot/vmlinuz-5.8.0-48-generic root=UUID=f8462c02-d60e-44ea-b783-d0f9a7fd828f ro quiet splash
[    63.820] Build Date: 17 January 2021  09:13:31AM
[    63.820] xorg-server 2:1.20.9-2ubuntu1.2~20.04.1 (For technical support please see http://www.ubuntu.com/support) 
[    63.820] Current version of pixman: 0.38.4
[    63.820] 	Before reporting problems, check http://wiki.x.org
	to make sure that you have the latest version.
[    63.820] Markers: (--) probed, (**) from config file, (==) default setting,
	(++) from command line, (!!) notice, (II) informational,
	(WW) warning, (EE) error, (NI) not implemented, (??) unknown.
[    63.821] (==) Log file: "/home/artem/.local/share/xorg/Xorg.0.log", Time: Thu Apr  1 19:24:44 2021
[    63.822] (==) Using system config directory "/usr/share/X11/xorg.conf.d"
[    63.825] (==) No Layout section.  Using the first Screen section.
[    63.825] (==) No screen section available. Using defaults.
[    63.825] (**) |-->Screen "Default Screen Section" (0)
[    63.825] (**) |   |-->Monitor "<default monitor>"
[    63.828] (==) No monitor specified for screen "Default Screen Section".
	Using a default monitor configuration.
[    63.828] (==) Automatically adding devices
[    63.828] (==) Automatically enabling devices
[    63.828] (==) Automatically adding GPU devices
[    63.828] (==) Automatically binding GPU devices
[    63.828] (==) Max clients allowed: 256, resource mask: 0x1fffff
[    63.828] (WW) The directory "/usr/share/fonts/X11/cyrillic" does not exist.
[    63.828] 	Entry deleted from font path.
[    63.828] (WW) The directory "/usr/share/fonts/X11/100dpi/" does not exist.
[    63.829] 	Entry deleted from font path.
[    63.829] (WW) The directory "/usr/share/fonts/X11/75dpi/" does not exist.
[    63.829] 	Entry deleted from font path.
[    63.829] (WW) The directory "/usr/share/fonts/X11/100dpi" does not exist.
[    63.829] 	Entry deleted from font path.
[    63.829] (WW) The directory "/usr/share/fonts/X11/75dpi" does not exist.
[    63.829] 	Entry deleted from font path.
[    63.829] (==) FontPath set to:
	/usr/share/fonts/X11/misc,
	/usr/share/fonts/X11/Type1,
	built-ins
[    63.829] (==) ModulePath set to "/usr/lib/xorg/modules"
[    63.829] (II) The server relies on udev to provide the list of input devices.
	If no devices become available, reconfigure udev or disable AutoAddDevices.
[    63.829] (II) Loader magic: 0x5579f197f020
[    63.829] (II) Module ABI versions:
[    63.829] 	X.Org ANSI C Emulation: 0.4
[    63.830] 	X.Org Video Driver: 24.1
[    63.830] 	X.Org XInput driver : 24.1
[    63.830] 	X.Org Server Extension : 10.0
[    63.831] (++) using VT number 2

[    63.835] (II) systemd-logind: took control of session /org/freedesktop/login1/session/_32
[    63.845] (II) xfree86: Adding drm device (/dev/dri/card0)
[    63.846] (II) systemd-logind: got fd for /dev/dri/card0 226:0 fd 12 paused 0
[    63.849] (--) PCI:*(0@0:2:0) 15ad:0405:15ad:0405 rev 0, Mem @ 0xe0000000/16777216, 0xf0000000/2097152, I/O @ 0x0000d010/16, BIOS @ 0x????????/131072
[    63.849] (II) LoadModule: "glx"
[    63.853] (II) Loading /usr/lib/xorg/modules/extensions/libglx.so
[    63.856] (II) Module glx: vendor="X.Org Foundation"
[    63.856] 	compiled for 1.20.9, module version = 1.0.0
[    63.857] 	ABI class: X.Org Server Extension, version 10.0
[    63.857] (==) Matched vmware as autoconfigured driver 0
[    63.857] (==) Matched modesetting as autoconfigured driver 1
[    63.857] (==) Matched fbdev as autoconfigured driver 2
[    63.857] (==) Matched vesa as autoconfigured driver 3
[    63.857] (==) Assigned the driver to the xf86ConfigLayout
[    63.863] (II) LoadModule: "vmware"
[    63.864] (II) Loading /usr/lib/xorg/modules/drivers/vmware_drv.so
[    63.917] (II) Module vmware: vendor="X.Org Foundation"
[    63.917] 	compiled for 1.20.8, module version = 13.3.0
[    63.917] 	Module class: X.Org Video Driver
[    63.917] 	ABI class: X.Org Video Driver, version 24.1
[    63.919] (II) LoadModule: "modesetting"
[    63.919] (II) Loading /usr/lib/xorg/modules/drivers/modesetting_drv.so
[    63.921] (II) Module modesetting: vendor="X.Org Foundation"
[    63.921] 	compiled for 1.20.9, module version = 1.20.9
[    63.921] 	Module class: X.Org Video Driver
[    63.921] 	ABI class: X.Org Video Driver, version 24.1
[    63.921] (II) LoadModule: "fbdev"
[    63.921] (II) Loading /usr/lib/xorg/modules/drivers/fbdev_drv.so
[    63.922] (II) Module fbdev: vendor="X.Org Foundation"
[    63.922] 	compiled for 1.20.1, module version = 0.5.0
[    63.922] 	Module class: X.Org Video Driver
[    63.922] 	ABI class: X.Org Video Driver, version 24.0
[    63.922] (II) LoadModule: "vesa"
[    63.923] (II) Loading /usr/lib/xorg/modules/drivers/vesa_drv.so
[    63.923] (II) Module vesa: vendor="X.Org Foundation"
[    63.923] 	compiled for 1.20.4, module version = 2.4.0
[    63.923] 	Module class: X.Org Video Driver
[    63.923] 	ABI class: X.Org Video Driver, version 24.0
[    63.923] (II) vmware: driver for VMware SVGA: vmware0405, vmware0710
[    63.924] (II) modesetting: Driver for Modesetting Kernel Drivers: kms
[    63.924] (II) FBDEV: driver for framebuffer: fbdev
[    63.924] (II) VESA: driver for VESA chipsets: vesa
[    63.924] xf86EnableIOPorts: failed to set IOPL for I/O (Operation not permitted)
[    63.924] (WW) Falling back to old probe method for modesetting
[    63.924] (WW) Falling back to old probe method for fbdev
[    63.924] (II) Loading sub module "fbdevhw"
[    63.924] (II) LoadModule: "fbdevhw"
[    63.924] (II) Loading /usr/lib/xorg/modules/libfbdevhw.so
[    63.925] (II) Module fbdevhw: vendor="X.Org Foundation"
[    63.925] 	compiled for 1.20.9, module version = 0.0.2
[    63.925] 	ABI class: X.Org Video Driver, version 24.1
[    63.926] (EE) open /dev/fb0: Permission denied
[    63.926] (WW) VGA arbiter: cannot open kernel arbiter, no multi-card support
[    63.926] (II) vmware(0): Creating default Display subsection in Screen section
	"Default Screen Section" for depth/fbbpp 24/32
[    63.926] (--) vmware(0): DRM driver version is 2.18.0
[    63.926] (==) vmware(0): Depth 24, (--) framebuffer bpp 32
[    63.926] (==) vmware(0): RGB weight 888
[    63.926] (==) vmware(0): Default visual is TrueColor
[    63.926] (--) vmware(0): Min width 1, Max Width 8192.
[    63.926] (--) vmware(0): Min height 1, Max Height 8192.
[    63.926] (II) vmware(0): Output Virtual1 has no monitor section
[    63.926] (II) vmware(0): Output Virtual2 has no monitor section
[    63.927] (II) vmware(0): Output Virtual3 has no monitor section
[    63.927] (II) vmware(0): Output Virtual4 has no monitor section
[    63.927] (II) vmware(0): Output Virtual5 has no monitor section
[    63.927] (II) vmware(0): Output Virtual6 has no monitor section
[    63.927] (II) vmware(0): Output Virtual7 has no monitor section
[    63.927] (II) vmware(0): Output Virtual8 has no monitor section
[    63.927] (II) vmware(0): Printing probed modes for output Virtual1
[    63.927] (II) vmware(0): Modeline "800x600"x60.0   42.75  800 850 900 950  600 650 700 750 -hsync +vsync (45.0 kHz eP)
[    63.927] (II) vmware(0): Modeline "2560x1600"x60.0  348.50  2560 2752 3032 3504  1600 1603 1609 1658 -hsync +vsync (99.5 kHz e)
[    63.927] (II) vmware(0): Modeline "1920x1440"x60.0  234.00  1920 2048 2256 2600  1440 1441 1444 1500 -hsync +vsync (90.0 kHz e)
[    63.927] (II) vmware(0): Modeline "1856x1392"x60.0  218.25  1856 1952 2176 2528  1392 1393 1396 1439 -hsync +vsync (86.3 kHz e)
[    63.927] (II) vmware(0): Modeline "1792x1344"x60.0  204.75  1792 1920 2120 2448  1344 1345 1348 1394 -hsync +vsync (83.6 kHz e)
[    63.927] (II) vmware(0): Modeline "1920x1200"x59.9  193.25  1920 2056 2256 2592  1200 1203 1209 1245 -hsync +vsync (74.6 kHz e)
[    63.928] (II) vmware(0): Modeline "1600x1200"x60.0  162.00  1600 1664 1856 2160  1200 1201 1204 1250 +hsync +vsync (75.0 kHz e)
[    63.928] (II) vmware(0): Modeline "1680x1050"x60.0  146.25  1680 1784 1960 2240  1050 1053 1059 1089 -hsync +vsync (65.3 kHz e)
[    63.928] (II) vmware(0): Modeline "1400x1050"x60.0  121.75  1400 1488 1632 1864  1050 1053 1057 1089 -hsync +vsync (65.3 kHz e)
[    63.928] (II) vmware(0): Modeline "1280x1024"x60.0  108.00  1280 1328 1440 1688  1024 1025 1028 1066 +hsync +vsync (64.0 kHz e)
[    63.928] (II) vmware(0): Modeline "1440x900"x59.9  106.50  1440 1520 1672 1904  900 903 909 934 -hsync +vsync (55.9 kHz e)
[    63.928] (II) vmware(0): Modeline "1280x960"x60.0  108.00  1280 1376 1488 1800  960 961 964 1000 +hsync +vsync (60.0 kHz e)
[    63.928] (II) vmware(0): Modeline "1360x768"x60.0   85.50  1360 1424 1536 1792  768 771 777 795 +hsync +vsync (47.7 kHz e)
[    63.928] (II) vmware(0): Modeline "1280x800"x59.8   83.50  1280 1352 1480 1680  800 803 809 831 +hsync -vsync (49.7 kHz e)
[    63.928] (II) vmware(0): Modeline "1152x864"x75.0  108.00  1152 1216 1344 1600  864 865 868 900 +hsync +vsync (67.5 kHz e)
[    63.928] (II) vmware(0): Modeline "1280x768"x59.9   79.50  1280 1344 1472 1664  768 771 778 798 -hsync +vsync (47.8 kHz e)
[    63.928] (II) vmware(0): Modeline "1024x768"x60.0   65.00  1024 1048 1184 1344  768 771 777 806 -hsync -vsync (48.4 kHz e)
[    63.928] (II) vmware(0): Modeline "800x600"x60.3   40.00  800 840 968 1056  600 601 605 628 +hsync +vsync (37.9 kHz e)
[    63.928] (II) vmware(0): Modeline "640x480"x59.9   25.18  640 656 752 800  480 489 492 525 -hsync -vsync (31.5 kHz e)
[    63.928] (II) vmware(0): EDID for output Virtual2
[    63.928] (II) vmware(0): EDID for output Virtual3
[    63.928] (II) vmware(0): EDID for output Virtual4
[    63.928] (II) vmware(0): EDID for output Virtual5
[    63.928] (II) vmware(0): EDID for output Virtual6
[    63.928] (II) vmware(0): EDID for output Virtual7
[    63.928] (II) vmware(0): EDID for output Virtual8
[    63.928] (II) vmware(0): Output Virtual1 connected
[    63.928] (II) vmware(0): Output Virtual2 disconnected
[    63.928] (II) vmware(0): Output Virtual3 disconnected
[    63.928] (II) vmware(0): Output Virtual4 disconnected
[    63.928] (II) vmware(0): Output Virtual5 disconnected
[    63.928] (II) vmware(0): Output Virtual6 disconnected
[    63.928] (II) vmware(0): Output Virtual7 disconnected
[    63.928] (II) vmware(0): Output Virtual8 disconnected
[    63.928] (II) vmware(0): Using exact sizes for initial modes
[    63.928] (II) vmware(0): Output Virtual1 using initial mode 800x600 +0+0
[    63.928] (==) vmware(0): DPI set to (96, 96)
[    63.928] (==) vmware(0): Using gamma correction (1.0, 1.0, 1.0)
[    63.928] (II) Loading sub module "fb"
[    63.928] (II) LoadModule: "fb"
[    63.928] (II) Loading /usr/lib/xorg/modules/libfb.so
[    63.932] (II) Module fb: vendor="X.Org Foundation"
[    63.932] 	compiled for 1.20.9, module version = 1.0.0
[    63.932] 	ABI class: X.Org ANSI C Emulation, version 0.4
[    63.932] (II) Loading sub module "dri2"
[    63.932] (II) LoadModule: "dri2"
[    63.932] (II) Module "dri2" already built-in
[    63.932] (II) Loading sub module "dri3"
[    63.932] (II) LoadModule: "dri3"
[    63.932] (II) Module "dri3" already built-in
[    63.932] (II) UnloadModule: "modesetting"
[    63.932] (II) Unloading modesetting
[    63.932] (II) UnloadModule: "fbdev"
[    63.932] (II) Unloading fbdev
[    63.932] (II) UnloadSubModule: "fbdevhw"
[    63.932] (II) Unloading fbdevhw
[    63.932] (II) UnloadModule: "vesa"
[    63.932] (II) Unloading vesa
[    63.934] (II) vmware(0): Initialized VMWARE_CTRL extension version 0.2
[    63.948] (WW) vmware(0): Failed to initialize Gallium3D Xa. No render acceleration available.
[    63.948] (WW) vmware(0): Skipped initialization of direct rendering due to lack of render acceleration.
[    63.948] (--) vmware(0): Render acceleration is disabled.
[    63.948] (==) vmware(0): Rendercheck mode is disabled.
[    63.948] (--) vmware(0): Direct rendering (DRI2 3D) is disabled.
[    63.948] (--) vmware(0): Direct rendering (DRI3 3D) is disabled.
[    63.948] (==) vmware(0): Backing store enabled
[    63.948] (==) vmware(0): Silken mouse enabled
[    63.950] (==) vmware(0): DPMS enabled
[    63.950] (II) vmware(0): No 3D acceleration. Not setting up textured video.
[    63.950] (WW) vmware(0): Disabling Xv because no adaptors could be initialized.
[    63.950] (II) Initializing extension Generic Event Extension
[    63.951] (II) Initializing extension SHAPE
[    63.951] (II) Initializing extension MIT-SHM
[    63.951] (II) Initializing extension XInputExtension
[    63.952] (II) Initializing extension XTEST
[    63.952] (II) Initializing extension BIG-REQUESTS
[    63.952] (II) Initializing extension SYNC
[    63.952] (II) Initializing extension XKEYBOARD
[    63.952] (II) Initializing extension XC-MISC
[    63.952] (II) Initializing extension SECURITY
[    63.953] (II) Initializing extension XFIXES
[    63.953] (II) Initializing extension RENDER
[    63.953] (II) Initializing extension RANDR
[    63.954] (II) Initializing extension COMPOSITE
[    63.954] (II) Initializing extension DAMAGE
[    63.954] (II) Initializing extension MIT-SCREEN-SAVER
[    63.955] (II) Initializing extension DOUBLE-BUFFER
[    63.956] (II) Initializing extension RECORD
[    63.956] (II) Initializing extension DPMS
[    63.956] (II) Initializing extension Present
[    63.956] (II) Initializing extension DRI3
[    63.956] (II) Initializing extension X-Resource
[    63.956] (II) Initializing extension XVideo
[    63.957] (II) Initializing extension XVideo-MotionCompensation
[    63.957] (II) Initializing extension SELinux
[    63.957] (II) SELinux: Disabled on system
[    63.957] (II) Initializing extension GLX
[    63.958] (II) AIGLX: Screen 0 is not DRI2 capable
[    63.985] (II) IGLX: Loaded and initialized swrast
[    63.985] (II) GLX: Initialized DRISWRAST GL provider for screen 0
[    63.985] (II) Initializing extension XFree86-VidModeExtension
[    63.985] (II) Initializing extension XFree86-DGA
[    63.986] (II) Initializing extension XFree86-DRI
[    63.986] (II) Initializing extension DRI2
[    63.997] (II) vmware(0): Setting screen physical size to 211 x 158
[    64.100] (II) config/udev: Adding input device Power Button (/dev/input/event0)
[    64.101] (**) Power Button: Applying InputClass "libinput keyboard catchall"
[    64.101] (II) LoadModule: "libinput"
[    64.101] (II) Loading /usr/lib/xorg/modules/input/libinput_drv.so
[    64.111] (II) Module libinput: vendor="X.Org Foundation"
[    64.111] 	compiled for 1.20.4, module version = 0.29.0
[    64.111] 	Module class: X.Org XInput Driver
[    64.112] 	ABI class: X.Org XInput driver, version 24.1
[    64.112] (II) Using input driver 'libinput' for 'Power Button'
[    64.118] (II) systemd-logind: got fd for /dev/input/event0 13:64 fd 20 paused 0
[    64.118] (**) Power Button: always reports core events
[    64.118] (**) Option "Device" "/dev/input/event0"
[    64.119] (**) Option "_source" "server/udev"
[    64.123] (II) event0  - Power Button: is tagged by udev as: Keyboard
[    64.123] (II) event0  - Power Button: device is a keyboard
[    64.123] (II) event0  - Power Button: device removed
[    64.124] (**) Option "config_info" "udev:/sys/devices/LNXSYSTM:00/LNXPWRBN:00/input/input0/event0"
[    64.124] (II) XINPUT: Adding extended input device "Power Button" (type: KEYBOARD, id 6)
[    64.124] (**) Option "xkb_model" "pc105"
[    64.124] (**) Option "xkb_layout" "us,ru"
[    64.124] (**) Option "xkb_variant" ","
[    64.125] (**) Option "xkb_options" "grp_led:scroll"
[    64.174] (II) event0  - Power Button: is tagged by udev as: Keyboard
[    64.174] (II) event0  - Power Button: device is a keyboard
[    64.176] (II) config/udev: Adding input device Sleep Button (/dev/input/event1)
[    64.176] (**) Sleep Button: Applying InputClass "libinput keyboard catchall"
[    64.176] (II) Using input driver 'libinput' for 'Sleep Button'
[    64.177] (II) systemd-logind: got fd for /dev/input/event1 13:65 fd 23 paused 0
[    64.177] (**) Sleep Button: always reports core events
[    64.177] (**) Option "Device" "/dev/input/event1"
[    64.177] (**) Option "_source" "server/udev"
[    64.178] (II) event1  - Sleep Button: is tagged by udev as: Keyboard
[    64.178] (II) event1  - Sleep Button: device is a keyboard
[    64.179] (II) event1  - Sleep Button: device removed
[    64.179] (**) Option "config_info" "udev:/sys/devices/LNXSYSTM:00/LNXSLPBN:00/input/input1/event1"
[    64.179] (II) XINPUT: Adding extended input device "Sleep Button" (type: KEYBOARD, id 7)
[    64.179] (**) Option "xkb_model" "pc105"
[    64.180] (**) Option "xkb_layout" "us,ru"
[    64.180] (**) Option "xkb_variant" ","
[    64.180] (**) Option "xkb_options" "grp_led:scroll"
[    64.182] (II) event1  - Sleep Button: is tagged by udev as: Keyboard
[    64.182] (II) event1  - Sleep Button: device is a keyboard
[    64.183] (II) config/udev: Adding input device Video Bus (/dev/input/event3)
[    64.183] (**) Video Bus: Applying InputClass "libinput keyboard catchall"
[    64.183] (II) Using input driver 'libinput' for 'Video Bus'
[    64.184] (II) systemd-logind: got fd for /dev/input/event3 13:67 fd 24 paused 0
[    64.184] (**) Video Bus: always reports core events
[    64.184] (**) Option "Device" "/dev/input/event3"
[    64.184] (**) Option "_source" "server/udev"
[    64.186] (II) event3  - Video Bus: is tagged by udev as: Keyboard
[    64.186] (II) event3  - Video Bus: device is a keyboard
[    64.186] (II) event3  - Video Bus: device removed
[    64.186] (**) Option "config_info" "udev:/sys/devices/LNXSYSTM:00/LNXSYBUS:00/PNP0A03:00/LNXVIDEO:00/input/input4/event3"
[    64.186] (II) XINPUT: Adding extended input device "Video Bus" (type: KEYBOARD, id 8)
[    64.187] (**) Option "xkb_model" "pc105"
[    64.187] (**) Option "xkb_layout" "us,ru"
[    64.187] (**) Option "xkb_variant" ","
[    64.187] (**) Option "xkb_options" "grp_led:scroll"
[    64.190] (II) event3  - Video Bus: is tagged by udev as: Keyboard
[    64.190] (II) event3  - Video Bus: device is a keyboard
[    64.193] (II) config/udev: Adding input device VirtualBox mouse integration (/dev/input/event6)
[    64.193] (**) VirtualBox mouse integration: Applying InputClass "libinput pointer catchall"
[    64.193] (II) Using input driver 'libinput' for 'VirtualBox mouse integration'
[    64.195] (II) systemd-logind: got fd for /dev/input/event6 13:70 fd 25 paused 0
[    64.195] (**) VirtualBox mouse integration: always reports core events
[    64.195] (**) Option "Device" "/dev/input/event6"
[    64.195] (**) Option "_source" "server/udev"
[    64.196] (II) event6  - VirtualBox mouse integration: is tagged by udev as: Mouse
[    64.196] (II) event6  - VirtualBox mouse integration: device is a pointer
[    64.196] (II) event6  - VirtualBox mouse integration: device removed
[    64.196] (**) Option "config_info" "udev:/sys/devices/pci0000:00/0000:00:04.0/input/input7/event6"
[    64.197] (II) XINPUT: Adding extended input device "VirtualBox mouse integration" (type: MOUSE, id 9)
[    64.197] (**) Option "AccelerationScheme" "none"
[    64.197] (**) VirtualBox mouse integration: (accel) selected scheme none/0
[    64.199] (**) VirtualBox mouse integration: (accel) acceleration factor: 2.000
[    64.199] (**) VirtualBox mouse integration: (accel) acceleration threshold: 4
[    64.200] (II) event6  - VirtualBox mouse integration: is tagged by udev as: Mouse
[    64.200] (II) event6  - VirtualBox mouse integration: device is a pointer
[    64.201] (II) config/udev: Adding input device VirtualBox mouse integration (/dev/input/js1)
[    64.201] (II) No input driver specified, ignoring this device.
[    64.201] (II) This device may have been added with another device file.
[    64.201] (II) config/udev: Adding input device VirtualBox mouse integration (/dev/input/mouse2)
[    64.202] (II) No input driver specified, ignoring this device.
[    64.202] (II) This device may have been added with another device file.
[    64.203] (II) config/udev: Adding input device VirtualBox USB Tablet (/dev/input/event5)
[    64.204] (**) VirtualBox USB Tablet: Applying InputClass "libinput pointer catchall"
[    64.204] (II) Using input driver 'libinput' for 'VirtualBox USB Tablet'
[    64.263] (II) systemd-logind: got fd for /dev/input/event5 13:69 fd 26 paused 0
[    64.263] (**) VirtualBox USB Tablet: always reports core events
[    64.263] (**) Option "Device" "/dev/input/event5"
[    64.263] (**) Option "_source" "server/udev"
[    64.263] (II) event5  - VirtualBox USB Tablet: is tagged by udev as: Mouse
[    64.264] (II) event5  - VirtualBox USB Tablet: device is a pointer
[    64.264] (II) event5  - VirtualBox USB Tablet: device removed
[    64.264] (**) Option "config_info" "udev:/sys/devices/pci0000:00/0000:00:06.0/usb1/1-1/1-1:1.0/0003:80EE:0021.0001/input/input6/event5"
[    64.264] (II) XINPUT: Adding extended input device "VirtualBox USB Tablet" (type: MOUSE, id 10)
[    64.264] (**) Option "AccelerationScheme" "none"
[    64.264] (**) VirtualBox USB Tablet: (accel) selected scheme none/0
[    64.264] (**) VirtualBox USB Tablet: (accel) acceleration factor: 2.000
[    64.264] (**) VirtualBox USB Tablet: (accel) acceleration threshold: 4
[    64.265] (II) event5  - VirtualBox USB Tablet: is tagged by udev as: Mouse
[    64.265] (II) event5  - VirtualBox USB Tablet: device is a pointer
[    64.265] (II) config/udev: Adding input device VirtualBox USB Tablet (/dev/input/js0)
[    64.265] (II) No input driver specified, ignoring this device.
[    64.265] (II) This device may have been added with another device file.
[    64.265] (II) config/udev: Adding input device VirtualBox USB Tablet (/dev/input/mouse1)
[    64.265] (II) No input driver specified, ignoring this device.
[    64.265] (II) This device may have been added with another device file.
[    64.266] (II) config/udev: Adding input device AT Translated Set 2 keyboard (/dev/input/event2)
[    64.266] (**) AT Translated Set 2 keyboard: Applying InputClass "libinput keyboard catchall"
[    64.266] (II) Using input driver 'libinput' for 'AT Translated Set 2 keyboard'
[    64.267] (II) systemd-logind: got fd for /dev/input/event2 13:66 fd 27 paused 0
[    64.267] (**) AT Translated Set 2 keyboard: always reports core events
[    64.267] (**) Option "Device" "/dev/input/event2"
[    64.268] (**) Option "_source" "server/udev"
[    64.271] (II) event2  - AT Translated Set 2 keyboard: is tagged by udev as: Keyboard
[    64.272] (II) event2  - AT Translated Set 2 keyboard: device is a keyboard
[    64.273] (II) event2  - AT Translated Set 2 keyboard: device removed
[    64.273] (**) Option "config_info" "udev:/sys/devices/platform/i8042/serio0/input/input2/event2"
[    64.273] (II) XINPUT: Adding extended input device "AT Translated Set 2 keyboard" (type: KEYBOARD, id 11)
[    64.273] (**) Option "xkb_model" "pc105"
[    64.273] (**) Option "xkb_layout" "us,ru"
[    64.273] (**) Option "xkb_variant" ","
[    64.273] (**) Option "xkb_options" "grp_led:scroll"
[    64.280] (II) event2  - AT Translated Set 2 keyboard: is tagged by udev as: Keyboard
[    64.281] (II) event2  - AT Translated Set 2 keyboard: device is a keyboard
[    64.282] (II) config/udev: Adding input device ImExPS/2 Generic Explorer Mouse (/dev/input/event4)
[    64.282] (**) ImExPS/2 Generic Explorer Mouse: Applying InputClass "libinput pointer catchall"
[    64.282] (II) Using input driver 'libinput' for 'ImExPS/2 Generic Explorer Mouse'
[    64.283] (II) systemd-logind: got fd for /dev/input/event4 13:68 fd 28 paused 0
[    64.283] (**) ImExPS/2 Generic Explorer Mouse: always reports core events
[    64.283] (**) Option "Device" "/dev/input/event4"
[    64.283] (**) Option "_source" "server/udev"
[    64.285] (II) event4  - ImExPS/2 Generic Explorer Mouse: is tagged by udev as: Mouse
[    64.286] (II) event4  - ImExPS/2 Generic Explorer Mouse: device is a pointer
[    64.286] (II) event4  - ImExPS/2 Generic Explorer Mouse: device removed
[    64.287] (**) Option "config_info" "udev:/sys/devices/platform/i8042/serio1/input/input5/event4"
[    64.287] (II) XINPUT: Adding extended input device "ImExPS/2 Generic Explorer Mouse" (type: MOUSE, id 12)
[    64.288] (**) Option "AccelerationScheme" "none"
[    64.288] (**) ImExPS/2 Generic Explorer Mouse: (accel) selected scheme none/0
[    64.288] (**) ImExPS/2 Generic Explorer Mouse: (accel) acceleration factor: 2.000
[    64.289] (**) ImExPS/2 Generic Explorer Mouse: (accel) acceleration threshold: 4
[    64.290] (II) event4  - ImExPS/2 Generic Explorer Mouse: is tagged by udev as: Mouse
[    64.290] (II) event4  - ImExPS/2 Generic Explorer Mouse: device is a pointer
[    64.292] (II) config/udev: Adding input device ImExPS/2 Generic Explorer Mouse (/dev/input/mouse0)
[    64.292] (II) No input driver specified, ignoring this device.
[    64.292] (II) This device may have been added with another device file.
